
01-Aug-2019 11:39:40  Le paramètre id n'est pas défini dans le fichier de configuration du thème.
01-Aug-2019 11:39:59  Le paramètre id n'est pas défini dans le fichier de configuration du thème.
01-Aug-2019 11:40:19  Le paramètre id n'est pas défini dans le fichier de configuration du thème.
01-Aug-2019 11:40:32  Le paramètre id n'est pas défini dans le fichier de configuration du thème.
01-Aug-2019 11:48:42  Vérification des informations du thème config.json ...
01-Aug-2019 11:48:42  Le paramètre id n'est pas défini dans le fichier de configuration du thème.
01-Aug-2019 11:49:27  Vérification des informations du thème Untitled Folder ...
01-Aug-2019 11:49:27  Le paramètre id n'est pas défini dans le fichier de configuration du thème.
01-Aug-2019 11:50:11  Vérification des informations du thème "Untitled Folder" ...
01-Aug-2019 11:50:11  Le paramètre id n'est pas défini dans le fichier de configuration du thème.
01-Aug-2019 11:54:33  Vérification des informations du thème "Untitled Folder" ...
01-Aug-2019 11:54:33  Le paramètre id n'est pas défini dans le fichier de configuration du thème.
01-Aug-2019 11:54:33  Le dossier "retina" ne contient pas de fichier de configuration
01-Aug-2019 11:54:58  Vérification des informations du thème "Untitled Folder" ...
01-Aug-2019 11:54:58  Le paramètre id n'est pas défini dans le fichier de configuration du thème.
01-Aug-2019 11:54:58  Le dossier "retina" ne contient pas de fichier de configuration
01-Aug-2019 11:59:13  Vérification des informations du thème "Untitled Folder" ...
01-Aug-2019 11:59:13  Le paramètre id n'est pas défini dans le fichier de configuration du thème.
01-Aug-2019 11:59:13  Le dossier "retina" ne contient pas de fichier de configuration
01-Aug-2019 11:59:22  Vérification des informations du thème "Untitled Folder" ...
01-Aug-2019 11:59:22  Le dossier "retina" ne contient pas de fichier de configuration
01-Aug-2019 11:59:49  Vérification des informations du thème "Untitled Folder" ...
01-Aug-2019 11:59:49  Le dossier "retina" ne contient pas de fichier de configuration
01-Aug-2019 12:00:53  Vérification des informations du thème "Untitled Folder" ...
01-Aug-2019 12:00:53  Le dossier "retina" ne contient pas de fichier de configuration
01-Aug-2019 12:08:05  Le dossier "nice-admin" ne contient pas de fichier de configuration
01-Aug-2019 12:08:05  Le dossier "tabler" ne contient pas de fichier de configuration
01-Aug-2019 12:10:18  /var/www/html/castor/admin/themes/nice-admin/config.json
01-Aug-2019 12:10:18  Le dossier "nice-admin" ne contient pas de fichier de configuration
01-Aug-2019 12:10:18  /var/www/html/castor/admin/themes/tabler/config.json
01-Aug-2019 12:10:18  Le dossier "tabler" ne contient pas de fichier de configuration
01-Aug-2019 12:17:35  /var/www/html/castor/admin/themes/nice-admin/config.json
01-Aug-2019 12:17:35  Le dossier "nice-admin" ne contient pas de fichier de configuration
01-Aug-2019 12:17:35  /var/www/html/castor/admin/themes/tabler/config.json
01-Aug-2019 12:17:35  Le dossier "tabler" ne contient pas de fichier de configuration
01-Aug-2019 12:18:44  /var/www/html/castor/admin/themes/nice-admin/config.json
01-Aug-2019 12:18:44  Le dossier "nice-admin" ne contient pas de fichier de configuration
01-Aug-2019 12:18:44  /var/www/html/castor/admin/themes/tabler/config.json
01-Aug-2019 12:18:44  Le dossier "tabler" ne contient pas de fichier de configuration
01-Aug-2019 12:19:47  /var/www/html/castor/admin/themes/nice-admin/config.json
01-Aug-2019 12:19:47  Le dossier "nice-admin" ne contient pas de fichier de configuration
01-Aug-2019 12:19:47  /var/www/html/castor/admin/themes/tabler/config.json
01-Aug-2019 12:19:47  Le dossier "tabler" ne contient pas de fichier de configuration
01-Aug-2019 12:20:09  /var/www/html/castor/admin/themes/nice-admin/config.json
01-Aug-2019 12:20:09  Vérification des informations du thème "nice-admin" ...
01-Aug-2019 12:20:09  /var/www/html/castor/admin/themes/tabler/config.json
01-Aug-2019 12:20:09  Le dossier "tabler" ne contient pas de fichier de configuration
01-Aug-2019 12:30:12  /var/www/html/castor/admin/themes/nice-admin/config.json
01-Aug-2019 12:30:12  Vérification des informations du thème "nice-admin" ...
01-Aug-2019 12:30:12  /var/www/html/castor/admin/themes/tabler/config.json
01-Aug-2019 12:30:12  Vérification des informations du thème "tabler" ...
01-Aug-2019 12:37:34  Le fichier de configuration de l'application n'existe pas.
01-Aug-2019 12:38:59  /var/www/html/castor/admin/themes/nice-admin/config.json
01-Aug-2019 12:38:59  Vérification des informations du thème "nice-admin" ...
01-Aug-2019 12:38:59  /var/www/html/castor/admin/themes/tabler/config.json
01-Aug-2019 12:38:59  Vérification des informations du thème "tabler" ...
01-Aug-2019 12:39:39  /var/www/html/castor/admin/themes/nice-admin/config.json
01-Aug-2019 12:39:39  Vérification des informations du thème "nice-admin" ...
01-Aug-2019 12:39:39  /var/www/html/castor/admin/themes/tabler/config.json
01-Aug-2019 12:39:39  Vérification des informations du thème "tabler" ...
01-Aug-2019 12:42:21  /var/www/html/castor/admin/themes/nice-admin/config.json
01-Aug-2019 12:42:21  Vérification des informations du thème "nice-admin" ...
01-Aug-2019 12:45:05  /var/www/html/castor/admin/themes/nice-admin/config.json
01-Aug-2019 12:45:05  Le fichier de configuration de l'application est vide.
01-Aug-2019 12:47:09  Le fichier de configuration de l'application est vide.
01-Aug-2019 12:47:20  Vérification des informations du thème "nice-admin" ...
01-Aug-2019 12:47:20  Vérification des informations du thème "tabler" ...
01-Aug-2019 12:55:59  Vérification des informations du thème "nice-admin" ...
01-Aug-2019 12:55:59  Vérification des informations du thème "tabler" ...
01-Aug-2019 12:57:46  Le paramètre name n'est pas défini dans le fichier de configuration du thème.
01-Aug-2019 12:57:46  Le paramètre id n'est pas défini dans le fichier de configuration du thème.
01-Aug-2019 12:57:46  Le fichier de configuration de l'application est incorrect.
01-Aug-2019 12:57:59  Le paramètre name n'est pas défini dans le fichier de configuration du thème.
01-Aug-2019 12:57:59  Le paramètre id n'est pas défini dans le fichier de configuration du thème.
01-Aug-2019 12:57:59  Le fichier de configuration de l'application est incorrect.
01-Aug-2019 12:58:02  Le paramètre name n'est pas défini dans le fichier de configuration du thème.
01-Aug-2019 12:58:02  Le paramètre id n'est pas défini dans le fichier de configuration du thème.
01-Aug-2019 12:58:02  Le fichier de configuration de l'application est incorrect.
01-Aug-2019 12:59:32  Le paramètre theme n'est pas défini dans le fichier de configuration du thème.
01-Aug-2019 12:59:32  Le fichier de configuration de l'application est incorrect.
01-Aug-2019 13:00:44  Le paramètre 'theme' n'est pas défini.
01-Aug-2019 13:00:44  Le fichier de configuration de l'application est incorrect.
01-Aug-2019 13:03:07  Vérification des informations du thème "nice-admin" ...
01-Aug-2019 13:03:07  Vérification des informations du thème "tabler" ...
01-Aug-2019 13:04:02  Vérification des informations du thème "nice-admin" ...
01-Aug-2019 13:04:02  Vérification des informations du thème "tabler" ...
01-Aug-2019 13:04:57  Vérification des informations du thème "nice-admin" ...
01-Aug-2019 13:04:57  Vérification des informations du thème "tabler" ...
01-Aug-2019 13:05:14  Vérification des informations du thème "nice-admin" ...
01-Aug-2019 13:05:14  Vérification des informations du thème "tabler" ...
01-Aug-2019 13:06:02  Vérification des informations du thème "nice-admin" ...
01-Aug-2019 13:06:02  Vérification des informations du thème "tabler" ...
01-Aug-2019 13:06:16  Vérification des informations du thème "nice-admin" ...
01-Aug-2019 13:06:16  Vérification des informations du thème "tabler" ...